0 info it worked if it ends with ok
1 verbose cli [ 'node', '/usr/local/bin/npm', 'install', 'yargs', '--save-dev' ]
2 info using npm@1.4.28
3 info using node@v0.10.32
4 warn package.json ale-chimp@1.0.0 No repository field.
5 warn package.json ale-chimp@1.0.0 No README data
6 verbose readDependencies using package.json deps
7 verbose cache add [ 'yargs', null ]
8 verbose cache add name=undefined spec="yargs" args=["yargs",null]
9 verbose parsed url { protocol: null,
9 verbose parsed url   slashes: null,
9 verbose parsed url   auth: null,
9 verbose parsed url   host: null,
9 verbose parsed url   port: null,
9 verbose parsed url   hostname: null,
9 verbose parsed url   hash: null,
9 verbose parsed url   search: null,
9 verbose parsed url   query: null,
9 verbose parsed url   pathname: 'yargs',
9 verbose parsed url   path: 'yargs',
9 verbose parsed url   href: 'yargs' }
10 silly lockFile 988f2857-yargs yargs
11 verbose lock yargs /Users/Anthony/.npm/988f2857-yargs.lock
12 silly lockFile 988f2857-yargs yargs
13 silly lockFile 988f2857-yargs yargs
14 verbose addNamed [ 'yargs', '' ]
15 verbose addNamed [ null, '*' ]
16 silly lockFile d4524018-yargs yargs@
17 verbose lock yargs@ /Users/Anthony/.npm/d4524018-yargs.lock
18 silly addNameRange { name: 'yargs', range: '*', hasData: false }
19 verbose request where is /yargs
20 verbose request registry https://registry.npmjs.org/
21 verbose request id ab91b5dd99742cd8
22 verbose url raw /yargs
23 verbose url resolving [ 'https://registry.npmjs.org/', './yargs' ]
24 verbose url resolved https://registry.npmjs.org/yargs
25 verbose request where is https://registry.npmjs.org/yargs
26 info trying registry request attempt 1 at 21:32:06
27 verbose etag "6D2F6AZSB9XHG6Y9BT0SQIPMO"
28 http GET https://registry.npmjs.org/yargs
29 http 200 https://registry.npmjs.org/yargs
30 silly registry.get cb [ 200,
30 silly registry.get   { server: 'CouchDB/1.5.0 (Erlang OTP/R16B03)',
30 silly registry.get     etag: '"E9G6UILS4EB2ZE8IARLONC5Z7"',
30 silly registry.get     'content-type': 'application/json',
30 silly registry.get     'cache-control': 'max-age=60',
30 silly registry.get     'content-length': '105571',
30 silly registry.get     'accept-ranges': 'bytes',
30 silly registry.get     date: 'Sun, 31 May 2015 04:32:06 GMT',
30 silly registry.get     via: '1.1 varnish',
30 silly registry.get     age: '21',
30 silly registry.get     connection: 'keep-alive',
30 silly registry.get     'x-served-by': 'cache-sjc3127-SJC',
30 silly registry.get     'x-cache': 'HIT',
30 silly registry.get     'x-cache-hits': '1',
30 silly registry.get     'x-timer': 'S1433046726.299332,VS0,VE0',
30 silly registry.get     vary: 'Accept' } ]
31 silly addNameRange number 2 { name: 'yargs', range: '*', hasData: true }
32 silly addNameRange versions [ 'yargs',
32 silly addNameRange   [ '1.0.0',
32 silly addNameRange     '1.0.1',
32 silly addNameRange     '1.0.3',
32 silly addNameRange     '1.0.4',
32 silly addNameRange     '1.0.5',
32 silly addNameRange     '1.0.6',
32 silly addNameRange     '1.0.7',
32 silly addNameRange     '1.0.8',
32 silly addNameRange     '1.0.9',
32 silly addNameRange     '1.0.10',
32 silly addNameRange     '1.0.11',
32 silly addNameRange     '1.0.12',
32 silly addNameRange     '1.0.13',
32 silly addNameRange     '1.0.15',
32 silly addNameRange     '1.1.0',
32 silly addNameRange     '1.1.1',
32 silly addNameRange     '1.1.2',
32 silly addNameRange     '1.1.3',
32 silly addNameRange     '1.2.0',
32 silly addNameRange     '1.2.1',
32 silly addNameRange     '1.2.2',
32 silly addNameRange     '1.2.3',
32 silly addNameRange     '1.2.4',
32 silly addNameRange     '1.2.5',
32 silly addNameRange     '1.2.6',
32 silly addNameRange     '1.3.0',
32 silly addNameRange     '1.3.1',
32 silly addNameRange     '1.3.2',
32 silly addNameRange     '1.3.3',
32 silly addNameRange     '2.1.1',
32 silly addNameRange     '2.3.0',
32 silly addNameRange     '3.0.0',
32 silly addNameRange     '3.0.1',
32 silly addNameRange     '3.0.2',
32 silly addNameRange     '3.0.3',
32 silly addNameRange     '3.0.4',
32 silly addNameRange     '3.1.0',
32 silly addNameRange     '3.2.1',
32 silly addNameRange     '3.3.1',
32 silly addNameRange     '3.4.0',
32 silly addNameRange     '3.4.4',
32 silly addNameRange     '3.4.5',
32 silly addNameRange     '3.5.0',
32 silly addNameRange     '3.5.1',
32 silly addNameRange     '3.5.2',
32 silly addNameRange     '3.5.3',
32 silly addNameRange     '3.5.4',
32 silly addNameRange     '3.6.0',
32 silly addNameRange     '3.7.0',
32 silly addNameRange     '3.7.1',
32 silly addNameRange     '3.7.2',
32 silly addNameRange     '3.8.0',
32 silly addNameRange     '3.9.0',
32 silly addNameRange     '3.9.1',
32 silly addNameRange     '3.10.0' ] ]
33 verbose addNamed [ 'yargs', '3.10.0' ]
34 verbose addNamed [ '3.10.0', '3.10.0' ]
35 silly lockFile 94a5d6c6-yargs-3-10-0 yargs@3.10.0
36 verbose lock yargs@3.10.0 /Users/Anthony/.npm/94a5d6c6-yargs-3-10-0.lock
37 silly lockFile 9ebd2b7e-npmjs-org-yargs-yargs-3-10-0-tgz https://registry.npmjs.org/yargs/-/yargs-3.10.0.tgz
38 verbose lock https://registry.npmjs.org/yargs/-/yargs-3.10.0.tgz /Users/Anthony/.npm/9ebd2b7e-npmjs-org-yargs-yargs-3-10-0-tgz.lock
39 verbose addRemoteTarball [ 'https://registry.npmjs.org/yargs/-/yargs-3.10.0.tgz',
39 verbose addRemoteTarball   'f7ee7bd857dd7c1d2d38c0e74efbd681d1431fd1' ]
40 info retry fetch attempt 1 at 21:32:06
41 verbose fetch to= /var/folders/0x/qth4v1vx5c1gm58h32bg4b540000gn/T/npm-4030-MHkHP_JT/registry.npmjs.org/yargs/-/yargs-3.10.0.tgz
42 http GET https://registry.npmjs.org/yargs/-/yargs-3.10.0.tgz
43 http 200 https://registry.npmjs.org/yargs/-/yargs-3.10.0.tgz
44 silly lockFile 9ebd2b7e-npmjs-org-yargs-yargs-3-10-0-tgz https://registry.npmjs.org/yargs/-/yargs-3.10.0.tgz
45 silly lockFile 9ebd2b7e-npmjs-org-yargs-yargs-3-10-0-tgz https://registry.npmjs.org/yargs/-/yargs-3.10.0.tgz
46 silly lockFile 94a5d6c6-yargs-3-10-0 yargs@3.10.0
47 silly lockFile 94a5d6c6-yargs-3-10-0 yargs@3.10.0
48 silly lockFile d4524018-yargs yargs@
49 silly lockFile d4524018-yargs yargs@
50 error Error: EACCES, mkdir '/Users/Anthony/.npm/yargs/3.10.0'
50 error  { [Error: EACCES, mkdir '/Users/Anthony/.npm/yargs/3.10.0']
50 error   errno: 3,
50 error   code: 'EACCES',
50 error   path: '/Users/Anthony/.npm/yargs/3.10.0',
50 error   parent: 'ale-chimp' }
51 error Please try running this command again as root/Administrator.
52 error System Darwin 14.3.0
53 error command "node" "/usr/local/bin/npm" "install" "yargs" "--save-dev"
54 error cwd /Users/Anthony/paidProjects/ale-chimp/ale-chimp
55 error node -v v0.10.32
56 error npm -v 1.4.28
57 error path /Users/Anthony/.npm/yargs/3.10.0
58 error code EACCES
59 error errno 3
60 error stack Error: EACCES, mkdir '/Users/Anthony/.npm/yargs/3.10.0'
61 verbose exit [ 3, true ]
